android/app/build/outputs/mapping/release/seeds.txt
org.webrtc.audio.VolumeLogger
org.webrtc.audio.VolumeLogger: java.lang.String TAG
org.webrtc.audio.VolumeLogger: java.lang.String THREAD_NAME
org.webrtc.audio.VolumeLogger: int TIMER_PERIOD_IN_SECONDS
org.webrtc.audio.VolumeLogger: android.media.AudioManager audioManager
org.webrtc.audio.VolumeLogger: java.util.Timer timer
org.webrtc.audio.VolumeLogger: VolumeLogger(android.media.AudioManager)
org.webrtc.audio.VolumeLogger: void start()
org.webrtc.audio.VolumeLogger: void stop()
org.webrtc.audio.VolumeLogger: android.media.AudioManager access$000(org.webrtc.audio.VolumeLogger)
org.webrtc.audio.VolumeLogger$LogVolumeTask
org.webrtc.audio.VolumeLogger$LogVolumeTask: int maxRingVolume
org.webrtc.audio.VolumeLogger$LogVolumeTask: int maxVoiceCallVolume
org.webrtc.audio.VolumeLogger$LogVolumeTask: org.webrtc.audio.VolumeLogger this$0
org.webrtc.audio.VolumeLogger$LogVolumeTask: VolumeLogger$LogVolumeTask(org.webrtc.audio.VolumeLogger,int,int)
org.webrtc.audio.VolumeLogger$LogVolumeTask: void run()
org.webrtc.audio.WebRtcAudioEffects
org.webrtc.audio.WebRtcAudioEffects: boolean DEBUG
org.webrtc.audio.WebRtcAudioEffects: java.lang.String TAG
org.webrtc.audio.WebRtcAudioEffects: java.util.UUID AOSP_ACOUSTIC_ECHO_CANCELER
org.webrtc.audio.WebRtcAudioEffects: java.util.UUID AOSP_NOISE_SUPPRESSOR
org.webrtc.audio.WebRtcAudioEffects: android.media.audiofx.AudioEffect$Descriptor[] cachedEffects
org.webrtc.audio.WebRtcAudioEffects: android.media.audiofx.AcousticEchoCanceler aec
org.webrtc.audio.WebRtcAudioEffects: android.media.audiofx.NoiseSuppressor ns
org.webrtc.audio.WebRtcAudioEffects: boolean shouldEnableAec
org.webrtc.audio.WebRtcAudioEffects: boolean shouldEnableNs
org.webrtc.audio.WebRtcAudioEffects: boolean isAcousticEchoCancelerSupported()
org.webrtc.audio.WebRtcAudioEffects: boolean isNoiseSuppressorSupported()
org.webrtc.audio.WebRtcAudioEffects: WebRtcAudioEffects()
org.webrtc.audio.WebRtcAudioEffects: boolean setAEC(boolean)
org.webrtc.audio.WebRtcAudioEffects: boolean setNS(boolean)
org.webrtc.audio.WebRtcAudioEffects: void enable(int)
org.webrtc.audio.WebRtcAudioEffects: void release()
org.webrtc.audio.WebRtcAudioEffects: boolean effectTypeIsVoIP(java.util.UUID)
org.webrtc.audio.WebRtcAudioEffects: void assertTrue(boolean)
org.webrtc.audio.WebRtcAudioEffects: android.media.audiofx.AudioEffect$Descriptor[] getAvailableEffects()
org.webrtc.audio.WebRtcAudioEffects: boolean isEffectTypeAvailable(java.util.UUID,java.util.UUID)
org.webrtc.audio.WebRtcAudioManager
org.webrtc.audio.WebRtcAudioManager: java.lang.String TAG
org.webrtc.audio.WebRtcAudioManager: int DEFAULT_SAMPLE_RATE_HZ
org.webrtc.audio.WebRtcAudioManager: int BITS_PER_SAMPLE
org.webrtc.audio.WebRtcAudioManager: int DEFAULT_FRAME_PER_BUFFER
org.webrtc.audio.WebRtcAudioManager: WebRtcAudioManager()
org.webrtc.audio.WebRtcAudioManager: android.media.AudioManager getAudioManager(android.content.Context)
org.webrtc.audio.WebRtcAudioManager: int getOutputBufferSize(android.content.Context,android.media.AudioManager,int,int)
org.webrtc.audio.WebRtcAudioManager: int getInputBufferSize(android.content.Context,android.media.AudioManager,int,int)
org.webrtc.audio.WebRtcAudioManager: boolean isLowLatencyOutputSupported(android.content.Context)
org.webrtc.audio.WebRtcAudioManager: boolean isLowLatencyInputSupported(android.content.Context)
org.webrtc.audio.WebRtcAudioManager: int getSampleRate(android.media.AudioManager)
org.webrtc.audio.WebRtcAudioManager: int getSampleRateForApiLevel(android.media.AudioManager)
org.webrtc.audio.WebRtcAudioManager: int getLowLatencyFramesPerBuffer(android.media.AudioManager)
org.webrtc.audio.WebRtcAudioManager: int getMinOutputFrameSize(int,int)
org.webrtc.audio.WebRtcAudioManager: int getMinInputFrameSize(int,int)