android/app/build/outputs/mapping/release/usage.txt
com.dropbox.core.v2.teamlog.TfaAddSecurityKeyType
com.dropbox.core.v2.teamlog.TfaAddSecurityKeyType$Serializer
com.dropbox.core.v2.teamlog.TfaChangeBackupPhoneDetails
com.dropbox.core.v2.teamlog.TfaChangeBackupPhoneDetails$Serializer
com.dropbox.core.v2.teamlog.TfaChangeBackupPhoneType
com.dropbox.core.v2.teamlog.TfaChangeBackupPhoneType$Serializer
com.dropbox.core.v2.teamlog.TfaChangePolicyDetails
com.dropbox.core.v2.teamlog.TfaChangePolicyDetails$Serializer
com.dropbox.core.v2.teamlog.TfaChangePolicyType
com.dropbox.core.v2.teamlog.TfaChangePolicyType$Serializer
com.dropbox.core.v2.teamlog.TfaChangeStatusDetails
com.dropbox.core.v2.teamlog.TfaChangeStatusDetails$Builder
com.dropbox.core.v2.teamlog.TfaChangeStatusDetails$Serializer
com.dropbox.core.v2.teamlog.TfaChangeStatusType
com.dropbox.core.v2.teamlog.TfaChangeStatusType$Serializer
com.dropbox.core.v2.teamlog.TfaConfiguration
com.dropbox.core.v2.teamlog.TfaConfiguration$1
com.dropbox.core.v2.teamlog.TfaConfiguration$Serializer
com.dropbox.core.v2.teamlog.TfaRemoveBackupPhoneDetails
com.dropbox.core.v2.teamlog.TfaRemoveBackupPhoneDetails$Serializer
com.dropbox.core.v2.teamlog.TfaRemoveBackupPhoneType
com.dropbox.core.v2.teamlog.TfaRemoveBackupPhoneType$Serializer
com.dropbox.core.v2.teamlog.TfaRemoveSecurityKeyDetails
com.dropbox.core.v2.teamlog.TfaRemoveSecurityKeyDetails$Serializer
com.dropbox.core.v2.teamlog.TfaRemoveSecurityKeyType
com.dropbox.core.v2.teamlog.TfaRemoveSecurityKeyType$Serializer
com.dropbox.core.v2.teamlog.TfaResetDetails
com.dropbox.core.v2.teamlog.TfaResetDetails$Serializer
com.dropbox.core.v2.teamlog.TfaResetType
com.dropbox.core.v2.teamlog.TfaResetType$Serializer
com.dropbox.core.v2.teamlog.TimeUnit
com.dropbox.core.v2.teamlog.TimeUnit$1
com.dropbox.core.v2.teamlog.TimeUnit$Serializer
com.dropbox.core.v2.teamlog.TwoAccountChangePolicyDetails
com.dropbox.core.v2.teamlog.TwoAccountChangePolicyDetails$Serializer
com.dropbox.core.v2.teamlog.TwoAccountChangePolicyType
com.dropbox.core.v2.teamlog.TwoAccountChangePolicyType$Serializer
com.dropbox.core.v2.teamlog.TwoAccountPolicy
com.dropbox.core.v2.teamlog.TwoAccountPolicy$1
com.dropbox.core.v2.teamlog.TwoAccountPolicy$Serializer
com.dropbox.core.v2.teamlog.UserLinkedAppLogInfo
com.dropbox.core.v2.teamlog.UserLinkedAppLogInfo$Builder
com.dropbox.core.v2.teamlog.UserLinkedAppLogInfo$Serializer
com.dropbox.core.v2.teamlog.UserLogInfo
com.dropbox.core.v2.teamlog.UserLogInfo$Builder
com.dropbox.core.v2.teamlog.UserLogInfo$Serializer
com.dropbox.core.v2.teamlog.UserNameLogInfo
com.dropbox.core.v2.teamlog.UserNameLogInfo$Serializer
com.dropbox.core.v2.teamlog.UserOrTeamLinkedAppLogInfo
com.dropbox.core.v2.teamlog.UserOrTeamLinkedAppLogInfo$Builder
com.dropbox.core.v2.teamlog.UserOrTeamLinkedAppLogInfo$Serializer
com.dropbox.core.v2.teamlog.WebDeviceSessionLogInfo
com.dropbox.core.v2.teamlog.WebDeviceSessionLogInfo$Builder
com.dropbox.core.v2.teamlog.WebDeviceSessionLogInfo$Serializer
com.dropbox.core.v2.teamlog.WebSessionLogInfo
com.dropbox.core.v2.teamlog.WebSessionLogInfo$Serializer
com.dropbox.core.v2.teamlog.WebSessionsChangeFixedLengthPolicyDetails
com.dropbox.core.v2.teamlog.WebSessionsChangeFixedLengthPolicyDetails$Builder
com.dropbox.core.v2.teamlog.WebSessionsChangeFixedLengthPolicyDetails$Serializer
com.dropbox.core.v2.teamlog.WebSessionsChangeFixedLengthPolicyType
com.dropbox.core.v2.teamlog.WebSessionsChangeFixedLengthPolicyType$Serializer
com.dropbox.core.v2.teamlog.WebSessionsChangeIdleLengthPolicyDetails
com.dropbox.core.v2.teamlog.WebSessionsChangeIdleLengthPolicyDetails$Builder
com.dropbox.core.v2.teamlog.WebSessionsChangeIdleLengthPolicyDetails$Serializer
com.dropbox.core.v2.teamlog.WebSessionsChangeIdleLengthPolicyType
com.dropbox.core.v2.teamlog.WebSessionsChangeIdleLengthPolicyType$Serializer
com.dropbox.core.v2.teamlog.WebSessionsFixedLengthPolicy
com.dropbox.core.v2.teamlog.WebSessionsFixedLengthPolicy$1
com.dropbox.core.v2.teamlog.WebSessionsFixedLengthPolicy$Serializer